CRITICAL - 2023-01-15 14:47:09 --> Class "App\Controllers\App\Controllers\BaseController" not found
in APPPATH/Controllers/Mskamar.php on line 9.
 1 SYSTEMPATH/Router/AutoRouter.php(147): include_once()
 2 SYSTEMPATH/Router/Router.php(499): CodeIgniter\Router\AutoRouter->getRoute('mskamar')
 3 SYSTEMPATH/Router/Router.php(205): CodeIgniter\Router\Router->autoRoute('mskamar')
 4 SYSTEMPATH/CodeIgniter.php(800): CodeIgniter\Router\Router->handle('mskamar')
 5 SYSTEMPATH/CodeIgniter.php(428): CodeIgniter\CodeIgniter->tryToRouteIt(Object(CodeIgniter\Router\RouteCollection))
 6 SYSTEMPATH/CodeIgniter.php(349): CodeIgniter\CodeIgniter->handleRequest(null, Object(Config\Cache), false)
 7 FCPATH/index.php(67): CodeIgniter\CodeIgniter->run()
 8 SYSTEMPATH/Commands/Server/rewrite.php(47): require_once('FCPATH/index.php')
CRITICAL - 2023-01-15 14:47:45 --> Invalid file: layout/master.php
in SYSTEMPATH/Exceptions/FrameworkException.php on line 33.
 1 SYSTEMPATH/View/View.php(201): CodeIgniter\Exceptions\FrameworkException::forInvalidFile('layout/master.php')
 2 SYSTEMPATH/View/View.php(229): CodeIgniter\View\View->render('layout/master', [], true)
 3 SYSTEMPATH/Common.php(1135): CodeIgniter\View\View->render('mskamar', [], true)
 4 APPPATH/Controllers/Mskamar.php(30): view('mskamar', [...])
 5 SYSTEMPATH/CodeIgniter.php(925): App\Controllers\Mskamar->index()
 6 SYSTEMPATH/CodeIgniter.php(480): CodeIgniter\CodeIgniter->runController(Object(App\Controllers\Mskamar))
 7 SYSTEMPATH/CodeIgniter.php(349): CodeIgniter\CodeIgniter->handleRequest(null, Object(Config\Cache), false)
 8 FCPATH/index.php(67): CodeIgniter\CodeIgniter->run()
 9 SYSTEMPATH/Commands/Server/rewrite.php(47): require_once('FCPATH/index.php')
CRITICAL - 2023-01-15 14:47:46 --> Invalid file: layout/master.php
in SYSTEMPATH/Exceptions/FrameworkException.php on line 33.
 1 SYSTEMPATH/View/View.php(201): CodeIgniter\Exceptions\FrameworkException::forInvalidFile('layout/master.php')
 2 SYSTEMPATH/View/View.php(229): CodeIgniter\View\View->render('layout/master', [], true)
 3 SYSTEMPATH/Common.php(1135): CodeIgniter\View\View->render('mskamar', [], true)
 4 APPPATH/Controllers/Mskamar.php(30): view('mskamar', [...])
 5 SYSTEMPATH/CodeIgniter.php(925): App\Controllers\Mskamar->index()
 6 SYSTEMPATH/CodeIgniter.php(480): CodeIgniter\CodeIgniter->runController(Object(App\Controllers\Mskamar))
 7 SYSTEMPATH/CodeIgniter.php(349): CodeIgniter\CodeIgniter->handleRequest(null, Object(Config\Cache), false)
 8 FCPATH/index.php(67): CodeIgniter\CodeIgniter->run()
 9 SYSTEMPATH/Commands/Server/rewrite.php(47): require_once('FCPATH/index.php')
CRITICAL - 2023-01-15 14:47:47 --> Invalid file: layout/master.php
in SYSTEMPATH/Exceptions/FrameworkException.php on line 33.
 1 SYSTEMPATH/View/View.php(201): CodeIgniter\Exceptions\FrameworkException::forInvalidFile('layout/master.php')
 2 SYSTEMPATH/View/View.php(229): CodeIgniter\View\View->render('layout/master', [], true)
 3 SYSTEMPATH/Common.php(1135): CodeIgniter\View\View->render('mskamar', [], true)
 4 APPPATH/Controllers/Mskamar.php(30): view('mskamar', [...])
 5 SYSTEMPATH/CodeIgniter.php(925): App\Controllers\Mskamar->index()
 6 SYSTEMPATH/CodeIgniter.php(480): CodeIgniter\CodeIgniter->runController(Object(App\Controllers\Mskamar))
 7 SYSTEMPATH/CodeIgniter.php(349): CodeIgniter\CodeIgniter->handleRequest(null, Object(Config\Cache), false)
 8 FCPATH/index.php(67): CodeIgniter\CodeIgniter->run()
 9 SYSTEMPATH/Commands/Server/rewrite.php(47): require_once('FCPATH/index.php')
CRITICAL - 2023-01-15 14:47:50 --> Invalid file: layout/master.php
in SYSTEMPATH/Exceptions/FrameworkException.php on line 33.
 1 SYSTEMPATH/View/View.php(201): CodeIgniter\Exceptions\FrameworkException::forInvalidFile('layout/master.php')
 2 SYSTEMPATH/View/View.php(229): CodeIgniter\View\View->render('layout/master', [], true)
 3 SYSTEMPATH/Common.php(1135): CodeIgniter\View\View->render('mskamar', [], true)
 4 APPPATH/Controllers/Mskamar.php(30): view('mskamar', [...])
 5 SYSTEMPATH/CodeIgniter.php(925): App\Controllers\Mskamar->index()
 6 SYSTEMPATH/CodeIgniter.php(480): CodeIgniter\CodeIgniter->runController(Object(App\Controllers\Mskamar))
 7 SYSTEMPATH/CodeIgniter.php(349): CodeIgniter\CodeIgniter->handleRequest(null, Object(Config\Cache), false)
 8 FCPATH/index.php(67): CodeIgniter\CodeIgniter->run()
 9 SYSTEMPATH/Commands/Server/rewrite.php(47): require_once('FCPATH/index.php')
CRITICAL - 2023-01-15 14:47:50 --> Invalid file: layout/master.php
in SYSTEMPATH/Exceptions/FrameworkException.php on line 33.
 1 SYSTEMPATH/View/View.php(201): CodeIgniter\Exceptions\FrameworkException::forInvalidFile('layout/master.php')
 2 SYSTEMPATH/View/View.php(229): CodeIgniter\View\View->render('layout/master', [], true)
 3 SYSTEMPATH/Common.php(1135): CodeIgniter\View\View->render('mskamar', [], true)
 4 APPPATH/Controllers/Mskamar.php(30): view('mskamar', [...])
 5 SYSTEMPATH/CodeIgniter.php(925): App\Controllers\Mskamar->index()
 6 SYSTEMPATH/CodeIgniter.php(480): CodeIgniter\CodeIgniter->runController(Object(App\Controllers\Mskamar))
 7 SYSTEMPATH/CodeIgniter.php(349): CodeIgniter\CodeIgniter->handleRequest(null, Object(Config\Cache), false)
 8 FCPATH/index.php(67): CodeIgniter\CodeIgniter->run()
 9 SYSTEMPATH/Commands/Server/rewrite.php(47): require_once('FCPATH/index.php')
CRITICAL - 2023-01-15 14:47:50 --> Invalid file: layout/master.php
in SYSTEMPATH/Exceptions/FrameworkException.php on line 33.
 1 SYSTEMPATH/View/View.php(201): CodeIgniter\Exceptions\FrameworkException::forInvalidFile('layout/master.php')
 2 SYSTEMPATH/View/View.php(229): CodeIgniter\View\View->render('layout/master', [], true)
 3 SYSTEMPATH/Common.php(1135): CodeIgniter\View\View->render('mskamar', [], true)
 4 APPPATH/Controllers/Mskamar.php(30): view('mskamar', [...])
 5 SYSTEMPATH/CodeIgniter.php(925): App\Controllers\Mskamar->index()
 6 SYSTEMPATH/CodeIgniter.php(480): CodeIgniter\CodeIgniter->runController(Object(App\Controllers\Mskamar))
 7 SYSTEMPATH/CodeIgniter.php(349): CodeIgniter\CodeIgniter->handleRequest(null, Object(Config\Cache), false)
 8 FCPATH/index.php(67): CodeIgniter\CodeIgniter->run()
 9 SYSTEMPATH/Commands/Server/rewrite.php(47): require_once('FCPATH/index.php')
CRITICAL - 2023-01-15 14:47:51 --> Invalid file: layout/master.php
in SYSTEMPATH/Exceptions/FrameworkException.php on line 33.
 1 SYSTEMPATH/View/View.php(201): CodeIgniter\Exceptions\FrameworkException::forInvalidFile('layout/master.php')
 2 SYSTEMPATH/View/View.php(229): CodeIgniter\View\View->render('layout/master', [], true)
 3 SYSTEMPATH/Common.php(1135): CodeIgniter\View\View->render('mskamar', [], true)
 4 APPPATH/Controllers/Mskamar.php(30): view('mskamar', [...])
 5 SYSTEMPATH/CodeIgniter.php(925): App\Controllers\Mskamar->index()
 6 SYSTEMPATH/CodeIgniter.php(480): CodeIgniter\CodeIgniter->runController(Object(App\Controllers\Mskamar))
 7 SYSTEMPATH/CodeIgniter.php(349): CodeIgniter\CodeIgniter->handleRequest(null, Object(Config\Cache), false)
 8 FCPATH/index.php(67): CodeIgniter\CodeIgniter->run()
 9 SYSTEMPATH/Commands/Server/rewrite.php(47): require_once('FCPATH/index.php')
CRITICAL - 2023-01-15 14:47:53 --> Invalid file: layout/master.php
in SYSTEMPATH/Exceptions/FrameworkException.php on line 33.
 1 SYSTEMPATH/View/View.php(201): CodeIgniter\Exceptions\FrameworkException::forInvalidFile('layout/master.php')
 2 SYSTEMPATH/View/View.php(229): CodeIgniter\View\View->render('layout/master', [], true)
 3 SYSTEMPATH/Common.php(1135): CodeIgniter\View\View->render('mskamar', [], true)
 4 APPPATH/Controllers/Mskamar.php(30): view('mskamar', [...])
 5 SYSTEMPATH/CodeIgniter.php(925): App\Controllers\Mskamar->index()
 6 SYSTEMPATH/CodeIgniter.php(480): CodeIgniter\CodeIgniter->runController(Object(App\Controllers\Mskamar))
 7 SYSTEMPATH/CodeIgniter.php(349): CodeIgniter\CodeIgniter->handleRequest(null, Object(Config\Cache), false)
 8 FCPATH/index.php(67): CodeIgniter\CodeIgniter->run()
 9 SYSTEMPATH/Commands/Server/rewrite.php(47): require_once('FCPATH/index.php')
CRITICAL - 2023-01-15 14:47:53 --> Invalid file: layout/master.php
in SYSTEMPATH/Exceptions/FrameworkException.php on line 33.
 1 SYSTEMPATH/View/View.php(201): CodeIgniter\Exceptions\FrameworkException::forInvalidFile('layout/master.php')
 2 SYSTEMPATH/View/View.php(229): CodeIgniter\View\View->render('layout/master', [], true)
 3 SYSTEMPATH/Common.php(1135): CodeIgniter\View\View->render('mskamar', [], true)
 4 APPPATH/Controllers/Mskamar.php(30): view('mskamar', [...])
 5 SYSTEMPATH/CodeIgniter.php(925): App\Controllers\Mskamar->index()
 6 SYSTEMPATH/CodeIgniter.php(480): CodeIgniter\CodeIgniter->runController(Object(App\Controllers\Mskamar))
 7 SYSTEMPATH/CodeIgniter.php(349): CodeIgniter\CodeIgniter->handleRequest(null, Object(Config\Cache), false)
 8 FCPATH/index.php(67): CodeIgniter\CodeIgniter->run()
 9 SYSTEMPATH/Commands/Server/rewrite.php(47): require_once('FCPATH/index.php')
CRITICAL - 2023-01-15 14:47:54 --> Invalid file: layout/master.php
in SYSTEMPATH/Exceptions/FrameworkException.php on line 33.
 1 SYSTEMPATH/View/View.php(201): CodeIgniter\Exceptions\FrameworkException::forInvalidFile('layout/master.php')
 2 SYSTEMPATH/View/View.php(229): CodeIgniter\View\View->render('layout/master', [], true)
 3 SYSTEMPATH/Common.php(1135): CodeIgniter\View\View->render('mskamar', [], true)
 4 APPPATH/Controllers/Mskamar.php(30): view('mskamar', [...])
 5 SYSTEMPATH/CodeIgniter.php(925): App\Controllers\Mskamar->index()
 6 SYSTEMPATH/CodeIgniter.php(480): CodeIgniter\CodeIgniter->runController(Object(App\Controllers\Mskamar))
 7 SYSTEMPATH/CodeIgniter.php(349): CodeIgniter\CodeIgniter->handleRequest(null, Object(Config\Cache), false)
 8 FCPATH/index.php(67): CodeIgniter\CodeIgniter->run()
 9 SYSTEMPATH/Commands/Server/rewrite.php(47): require_once('FCPATH/index.php')
CRITICAL - 2023-01-15 14:47:54 --> Invalid file: layout/master.php
in SYSTEMPATH/Exceptions/FrameworkException.php on line 33.
 1 SYSTEMPATH/View/View.php(201): CodeIgniter\Exceptions\FrameworkException::forInvalidFile('layout/master.php')
 2 SYSTEMPATH/View/View.php(229): CodeIgniter\View\View->render('layout/master', [], true)
 3 SYSTEMPATH/Common.php(1135): CodeIgniter\View\View->render('mskamar', [], true)
 4 APPPATH/Controllers/Mskamar.php(30): view('mskamar', [...])
 5 SYSTEMPATH/CodeIgniter.php(925): App\Controllers\Mskamar->index()
 6 SYSTEMPATH/CodeIgniter.php(480): CodeIgniter\CodeIgniter->runController(Object(App\Controllers\Mskamar))
 7 SYSTEMPATH/CodeIgniter.php(349): CodeIgniter\CodeIgniter->handleRequest(null, Object(Config\Cache), false)
 8 FCPATH/index.php(67): CodeIgniter\CodeIgniter->run()
 9 SYSTEMPATH/Commands/Server/rewrite.php(47): require_once('FCPATH/index.php')
CRITICAL - 2023-01-15 14:47:54 --> Invalid file: layout/master.php
in SYSTEMPATH/Exceptions/FrameworkException.php on line 33.
 1 SYSTEMPATH/View/View.php(201): CodeIgniter\Exceptions\FrameworkException::forInvalidFile('layout/master.php')
 2 SYSTEMPATH/View/View.php(229): CodeIgniter\View\View->render('layout/master', [], true)
 3 SYSTEMPATH/Common.php(1135): CodeIgniter\View\View->render('mskamar', [], true)
 4 APPPATH/Controllers/Mskamar.php(30): view('mskamar', [...])
 5 SYSTEMPATH/CodeIgniter.php(925): App\Controllers\Mskamar->index()
 6 SYSTEMPATH/CodeIgniter.php(480): CodeIgniter\CodeIgniter->runController(Object(App\Controllers\Mskamar))
 7 SYSTEMPATH/CodeIgniter.php(349): CodeIgniter\CodeIgniter->handleRequest(null, Object(Config\Cache), false)
 8 FCPATH/index.php(67): CodeIgniter\CodeIgniter->run()
 9 SYSTEMPATH/Commands/Server/rewrite.php(47): require_once('FCPATH/index.php')
CRITICAL - 2023-01-15 14:47:57 --> Invalid file: layout/master.php
in SYSTEMPATH/Exceptions/FrameworkException.php on line 33.
 1 SYSTEMPATH/View/View.php(201): CodeIgniter\Exceptions\FrameworkException::forInvalidFile('layout/master.php')
 2 SYSTEMPATH/View/View.php(229): CodeIgniter\View\View->render('layout/master', [], true)
 3 SYSTEMPATH/Common.php(1135): CodeIgniter\View\View->render('mskamar', [], true)
 4 APPPATH/Controllers/Mskamar.php(30): view('mskamar', [...])
 5 SYSTEMPATH/CodeIgniter.php(925): App\Controllers\Mskamar->index()
 6 SYSTEMPATH/CodeIgniter.php(480): CodeIgniter\CodeIgniter->runController(Object(App\Controllers\Mskamar))
 7 SYSTEMPATH/CodeIgniter.php(349): CodeIgniter\CodeIgniter->handleRequest(null, Object(Config\Cache), false)
 8 FCPATH/index.php(67): CodeIgniter\CodeIgniter->run()
 9 SYSTEMPATH/Commands/Server/rewrite.php(47): require_once('FCPATH/index.php')
CRITICAL - 2023-01-15 14:47:57 --> Invalid file: layout/master.php
in SYSTEMPATH/Exceptions/FrameworkException.php on line 33.
 1 SYSTEMPATH/View/View.php(201): CodeIgniter\Exceptions\FrameworkException::forInvalidFile('layout/master.php')
 2 SYSTEMPATH/View/View.php(229): CodeIgniter\View\View->render('layout/master', [], true)
 3 SYSTEMPATH/Common.php(1135): CodeIgniter\View\View->render('mskamar', [], true)
 4 APPPATH/Controllers/Mskamar.php(30): view('mskamar', [...])
 5 SYSTEMPATH/CodeIgniter.php(925): App\Controllers\Mskamar->index()
 6 SYSTEMPATH/CodeIgniter.php(480): CodeIgniter\CodeIgniter->runController(Object(App\Controllers\Mskamar))
 7 SYSTEMPATH/CodeIgniter.php(349): CodeIgniter\CodeIgniter->handleRequest(null, Object(Config\Cache), false)
 8 FCPATH/index.php(67): CodeIgniter\CodeIgniter->run()
 9 SYSTEMPATH/Commands/Server/rewrite.php(47): require_once('FCPATH/index.php')
CRITICAL - 2023-01-15 14:47:58 --> Invalid file: layout/master.php
in SYSTEMPATH/Exceptions/FrameworkException.php on line 33.
 1 SYSTEMPATH/View/View.php(201): CodeIgniter\Exceptions\FrameworkException::forInvalidFile('layout/master.php')
 2 SYSTEMPATH/View/View.php(229): CodeIgniter\View\View->render('layout/master', [], true)
 3 SYSTEMPATH/Common.php(1135): CodeIgniter\View\View->render('mskamar', [], true)
 4 APPPATH/Controllers/Mskamar.php(30): view('mskamar', [...])
 5 SYSTEMPATH/CodeIgniter.php(925): App\Controllers\Mskamar->index()
 6 SYSTEMPATH/CodeIgniter.php(480): CodeIgniter\CodeIgniter->runController(Object(App\Controllers\Mskamar))
 7 SYSTEMPATH/CodeIgniter.php(349): CodeIgniter\CodeIgniter->handleRequest(null, Object(Config\Cache), false)
 8 FCPATH/index.php(67): CodeIgniter\CodeIgniter->run()
 9 SYSTEMPATH/Commands/Server/rewrite.php(47): require_once('FCPATH/index.php')
CRITICAL - 2023-01-15 14:47:59 --> Invalid file: layout/master.php
in SYSTEMPATH/Exceptions/FrameworkException.php on line 33.
 1 SYSTEMPATH/View/View.php(201): CodeIgniter\Exceptions\FrameworkException::forInvalidFile('layout/master.php')
 2 SYSTEMPATH/View/View.php(229): CodeIgniter\View\View->render('layout/master', [], true)
 3 SYSTEMPATH/Common.php(1135): CodeIgniter\View\View->render('mskamar', [], true)
 4 APPPATH/Controllers/Mskamar.php(30): view('mskamar', [...])
 5 SYSTEMPATH/CodeIgniter.php(925): App\Controllers\Mskamar->index()
 6 SYSTEMPATH/CodeIgniter.php(480): CodeIgniter\CodeIgniter->runController(Object(App\Controllers\Mskamar))
 7 SYSTEMPATH/CodeIgniter.php(349): CodeIgniter\CodeIgniter->handleRequest(null, Object(Config\Cache), false)
 8 FCPATH/index.php(67): CodeIgniter\CodeIgniter->run()
 9 SYSTEMPATH/Commands/Server/rewrite.php(47): require_once('FCPATH/index.php')
CRITICAL - 2023-01-15 14:48:31 --> Undefined variable $user
in APPPATH/Views/layout/header.php on line 61.
 1 APPPATH/Views/layout/header.php(61): CodeIgniter\Debug\Exceptions->errorHandler(2, 'Undefined variable $user', 'APPPATH/Views/layout/header.php', 61)
 2 SYSTEMPATH/View/View.php(213): include('APPPATH/Views/layout/header.php')
 3 SYSTEMPATH/View/View.php(216): CodeIgniter\View\View->CodeIgniter\View\{closure}()
 4 SYSTEMPATH/View/View.php(431): CodeIgniter\View\View->render('layout/header', null, true)
 5 APPPATH/Views/layout/layout.php(49): CodeIgniter\View\View->include('layout/header')
 6 SYSTEMPATH/View/View.php(213): include('APPPATH/Views/layout/layout.php')
 7 SYSTEMPATH/View/View.php(216): CodeIgniter\View\View->CodeIgniter\View\{closure}()
 8 SYSTEMPATH/View/View.php(229): CodeIgniter\View\View->render('layout/layout', [], true)
 9 SYSTEMPATH/Common.php(1135): CodeIgniter\View\View->render('mskamar', [], true)
10 APPPATH/Controllers/Mskamar.php(30): view('mskamar', [...])
11 SYSTEMPATH/CodeIgniter.php(925): App\Controllers\Mskamar->index()
12 SYSTEMPATH/CodeIgniter.php(480): CodeIgniter\CodeIgniter->runController(Object(App\Controllers\Mskamar))
13 SYSTEMPATH/CodeIgniter.php(349): CodeIgniter\CodeIgniter->handleRequest(null, Object(Config\Cache), false)
14 FCPATH/index.php(67): CodeIgniter\CodeIgniter->run()
15 SYSTEMPATH/Commands/Server/rewrite.php(47): require_once('FCPATH/index.php')
CRITICAL - 2023-01-15 14:48:59 --> Undefined variable $user
in APPPATH/Views/layout/header.php on line 61.
 1 APPPATH/Views/layout/header.php(61): CodeIgniter\Debug\Exceptions->errorHandler(2, 'Undefined variable $user', 'APPPATH/Views/layout/header.php', 61)
 2 SYSTEMPATH/View/View.php(213): include('APPPATH/Views/layout/header.php')
 3 SYSTEMPATH/View/View.php(216): CodeIgniter\View\View->CodeIgniter\View\{closure}()
 4 SYSTEMPATH/View/View.php(431): CodeIgniter\View\View->render('layout/header', null, true)
 5 APPPATH/Views/layout/layout.php(49): CodeIgniter\View\View->include('layout/header')
 6 SYSTEMPATH/View/View.php(213): include('APPPATH/Views/layout/layout.php')
 7 SYSTEMPATH/View/View.php(216): CodeIgniter\View\View->CodeIgniter\View\{closure}()
 8 SYSTEMPATH/View/View.php(229): CodeIgniter\View\View->render('layout/layout', [], true)
 9 SYSTEMPATH/Common.php(1135): CodeIgniter\View\View->render('mskamar', [], true)
10 APPPATH/Controllers/Mskamar.php(30): view('mskamar', [...])
11 SYSTEMPATH/CodeIgniter.php(925): App\Controllers\Mskamar->index()
12 SYSTEMPATH/CodeIgniter.php(480): CodeIgniter\CodeIgniter->runController(Object(App\Controllers\Mskamar))
13 SYSTEMPATH/CodeIgniter.php(349): CodeIgniter\CodeIgniter->handleRequest(null, Object(Config\Cache), false)
14 FCPATH/index.php(67): CodeIgniter\CodeIgniter->run()
15 SYSTEMPATH/Commands/Server/rewrite.php(47): require_once('FCPATH/index.php')
CRITICAL - 2023-01-15 14:53:58 --> Undefined variable $user
in APPPATH/Views/layout/header.php on line 61.
 1 APPPATH/Views/layout/header.php(61): CodeIgniter\Debug\Exceptions->errorHandler(2, 'Undefined variable $user', 'APPPATH/Views/layout/header.php', 61)
 2 SYSTEMPATH/View/View.php(213): include('APPPATH/Views/layout/header.php')
 3 SYSTEMPATH/View/View.php(216): CodeIgniter\View\View->CodeIgniter\View\{closure}()
 4 SYSTEMPATH/View/View.php(431): CodeIgniter\View\View->render('layout/header', null, true)
 5 APPPATH/Views/layout/layout.php(49): CodeIgniter\View\View->include('layout/header')
 6 SYSTEMPATH/View/View.php(213): include('APPPATH/Views/layout/layout.php')
 7 SYSTEMPATH/View/View.php(216): CodeIgniter\View\View->CodeIgniter\View\{closure}()
 8 SYSTEMPATH/View/View.php(229): CodeIgniter\View\View->render('layout/layout', [], true)
 9 SYSTEMPATH/Common.php(1135): CodeIgniter\View\View->render('mskamar', [], true)
10 APPPATH/Controllers/Mskamar.php(30): view('mskamar', [...])
11 SYSTEMPATH/CodeIgniter.php(925): App\Controllers\Mskamar->index()
12 SYSTEMPATH/CodeIgniter.php(480): CodeIgniter\CodeIgniter->runController(Object(App\Controllers\Mskamar))
13 SYSTEMPATH/CodeIgniter.php(349): CodeIgniter\CodeIgniter->handleRequest(null, Object(Config\Cache), false)
14 FCPATH/index.php(67): CodeIgniter\CodeIgniter->run()
15 SYSTEMPATH/Commands/Server/rewrite.php(47): require_once('FCPATH/index.php')
